<?xml version="1.0" encoding="UTF-8"?>
<!-- Generated by org.testng.reporters.JUnitXMLReporter -->
<testsuite ignored="0" hostname="LAPTOP-52DKV82O" failures="0" tests="4" name="Test" time="0.038" errors="0" timestamp="2022-04-17T15:50:30 IST">
  <testcase classname="qspider.testngdemo" name="deleteuser" time="0.003"/>
  <testcase classname="qspider.testngdemo" name="register" time="0.001"/>
  <testcase classname="qspider.testngdemo" name="edituser" time="0.001"/>
  <testcase classname="qspider.testngdemo" name="edituser" time="0.001"/>
</testsuite> <!-- Test -->
