<?xml version="1.0" encoding="UTF-8"?>
<!-- Generated by org.testng.reporters.JUnitXMLReporter -->
<testsuite ignored="1" hostname="LAPTOP-52DKV82O" failures="1" tests="1" name="Test(failed)" time="0.041" errors="0" timestamp="2022-04-17T13:22:11 IST">
  <testcase classname="qspider.testngdemo" name="fail" time="0.008">
    <failure type="java.lang.AssertionError" message="expected [true] but found [false]">
      <![CDATA[java.lang.AssertionError: expected [true] but found [false]
at qspider.testngdemo.fail(testngdemo.java:19)
at java.base/java.util.ArrayList.forEach(ArrayList.java:1511)
... Removed 31 stack frames]]>
    </failure>
  </testcase> <!-- fail -->
  <testcase classname="qspider.testngdemo" name="demo" time="0.0">
    <ignored/>
  </testcase> <!-- demo -->
</testsuite> <!-- Test(failed) -->
