<?xml version="1.0" encoding="UTF-8"?>
<testng-results ignored="0" total="4" passed="4" failed="0" skipped="0">
  <reporter-output>
    <line>
      <![CDATA[this is start]]>
    </line>
    <line>
      <![CDATA[login]]>
    </line>
    <line>
      <![CDATA[delete user]]>
    </line>
    <line>
      <![CDATA[logout]]>
    </line>
    <line>
      <![CDATA[login]]>
    </line>
    <line>
      <![CDATA[register]]>
    </line>
    <line>
      <![CDATA[logout]]>
    </line>
    <line>
      <![CDATA[login]]>
    </line>
    <line>
      <![CDATA[edit user]]>
    </line>
    <line>
      <![CDATA[logout]]>
    </line>
    <line>
      <![CDATA[login]]>
    </line>
    <line>
      <![CDATA[edit user]]>
    </line>
    <line>
      <![CDATA[logout]]>
    </line>
    <line>
      <![CDATA[this is end]]>
    </line>
  </reporter-output>
  <suite started-at="2022-04-17T15:50:30 IST" name="Suite" finished-at="2022-04-17T15:50:30 IST" duration-ms="38">
    <groups>
    </groups>
    <test started-at="2022-04-17T15:50:30 IST" name="Test" finished-at="2022-04-17T15:50:30 IST" duration-ms="38">
      <class name="qspider.testngdemo">
        <test-method is-config="true" signature="start()[pri:0, instance:qspider.testngdemo@71a8adcf]" started-at="2022-04-17T15:50:30 IST" name="start" finished-at="2022-04-17T15:50:30 IST" duration-ms="5" status="PASS">
          <reporter-output>
            <line>
              <![CDATA[this is start]]>
            </line>
          </reporter-output>
        </test-method> <!-- start -->
        <test-method is-config="true" signature="login()[pri:0, instance:qspider.testngdemo@71a8adcf]" started-at="2022-04-17T15:50:30 IST" name="login" finished-at="2022-04-17T15:50:30 IST" duration-ms="0" status="PASS">
          <reporter-output>
            <line>
              <![CDATA[login]]>
            </line>
          </reporter-output>
        </test-method> <!-- login -->
        <test-method signature="deleteuser()[pri:0, instance:qspider.testngdemo@71a8adcf]" started-at="2022-04-17T15:50:30 IST" name="deleteuser" finished-at="2022-04-17T15:50:30 IST" duration-ms="3" status="PASS">
          <reporter-output>
            <line>
              <![CDATA[delete user]]>
            </line>
          </reporter-output>
        </test-method> <!-- deleteuser -->
        <test-method is-config="true" signature="logout()[pri:0, instance:qspider.testngdemo@71a8adcf]" started-at="2022-04-17T15:50:30 IST" name="logout" finished-at="2022-04-17T15:50:30 IST" duration-ms="0" status="PASS">
          <reporter-output>
            <line>
              <![CDATA[logout]]>
            </line>
          </reporter-output>
        </test-method> <!-- logout -->
        <test-method is-config="true" signature="login()[pri:0, instance:qspider.testngdemo@71a8adcf]" started-at="2022-04-17T15:50:30 IST" name="login" finished-at="2022-04-17T15:50:30 IST" duration-ms="0" status="PASS">
          <reporter-output>
            <line>
              <![CDATA[login]]>
            </line>
          </reporter-output>
        </test-method> <!-- login -->
        <test-method signature="register()[pri:0, instance:qspider.testngdemo@71a8adcf]" started-at="2022-04-17T15:50:30 IST" name="register" finished-at="2022-04-17T15:50:30 IST" duration-ms="1" status="PASS">
          <reporter-output>
            <line>
              <![CDATA[register]]>
            </line>
          </reporter-output>
        </test-method> <!-- register -->
        <test-method signature="edituser()[pri:2, instance:qspider.testngdemo@71a8adcf]" started-at="2022-04-17T15:50:30 IST" name="edituser" finished-at="2022-04-17T15:50:30 IST" duration-ms="1" status="PASS">
          <reporter-output>
            <line>
              <![CDATA[edit user]]>
            </line>
          </reporter-output>
        </test-method> <!-- edituser -->
        <test-method is-config="true" signature="logout()[pri:0, instance:qspider.testngdemo@71a8adcf]" started-at="2022-04-17T15:50:30 IST" name="logout" finished-at="2022-04-17T15:50:30 IST" duration-ms="0" status="PASS">
          <reporter-output>
            <line>
              <![CDATA[logout]]>
            </line>
          </reporter-output>
        </test-method> <!-- logout -->
        <test-method is-config="true" signature="login()[pri:0, instance:qspider.testngdemo@71a8adcf]" started-at="2022-04-17T15:50:30 IST" name="login" finished-at="2022-04-17T15:50:30 IST" duration-ms="0" status="PASS">
          <reporter-output>
            <line>
              <![CDATA[login]]>
            </line>
          </reporter-output>
        </test-method> <!-- login -->
        <test-method is-config="true" signature="login()[pri:0, instance:qspider.testngdemo@71a8adcf]" started-at="2022-04-17T15:50:30 IST" name="login" finished-at="2022-04-17T15:50:30 IST" duration-ms="0" status="PASS">
          <reporter-output>
            <line>
              <![CDATA[login]]>
            </line>
          </reporter-output>
        </test-method> <!-- login -->
        <test-method is-config="true" signature="logout()[pri:0, instance:qspider.testngdemo@71a8adcf]" started-at="2022-04-17T15:50:30 IST" name="logout" finished-at="2022-04-17T15:50:30 IST" duration-ms="0" status="PASS">
          <reporter-output>
            <line>
              <![CDATA[logout]]>
            </line>
          </reporter-output>
        </test-method> <!-- logout -->
        <test-method signature="edituser()[pri:2, instance:qspider.testngdemo@71a8adcf]" started-at="2022-04-17T15:50:30 IST" name="edituser" finished-at="2022-04-17T15:50:30 IST" duration-ms="1" status="PASS">
          <reporter-output>
            <line>
              <![CDATA[edit user]]>
            </line>
          </reporter-output>
        </test-method> <!-- edituser -->
        <test-method is-config="true" signature="logout()[pri:0, instance:qspider.testngdemo@71a8adcf]" started-at="2022-04-17T15:50:30 IST" name="logout" finished-at="2022-04-17T15:50:30 IST" duration-ms="0" status="PASS">
          <reporter-output>
            <line>
              <![CDATA[logout]]>
            </line>
          </reporter-output>
        </test-method> <!-- logout -->
        <test-method is-config="true" signature="end()[pri:0, instance:qspider.testngdemo@71a8adcf]" started-at="2022-04-17T15:50:30 IST" name="end" finished-at="2022-04-17T15:50:30 IST" duration-ms="0" status="PASS">
          <reporter-output>
            <line>
              <![CDATA[this is end]]>
            </line>
          </reporter-output>
        </test-method> <!-- end -->
      </class> <!-- qspider.testngdemo -->
    </test> <!-- Test -->
  </suite> <!-- Suite -->
</testng-results>
